<?xml version="1.0" encoding="UTF-8"?>
<!-- Generated by org.testng.reporters.JUnitXMLReporter -->
<testsuite hostname="kiran-HP" name="Default test" tests="4" failures="0" timestamp="15 Nov 2017 04:24:42 GMT" time="19.049" errors="0">
  <testcase name="testLogin" time="7.367" classname="com.janssen.spkportalautomate.tests.LoginTest"/>
  <testcase name="testSelectBrand" time="8.39" classname="com.janssen.spkportalautomate.tests.LoginTest"/>
  <testcase name="testLogout" time="3.267" classname="com.janssen.spkportalautomate.tests.LoginTest"/>
  <testcase name="exampleOfTestNgMaven" time="0.001" classname="com.janssen.spkportalautomate.tests.LoginTest"/>
</testsuite> <!-- Default test -->
