<?xml version="1.0" encoding="UTF-8"?>
<!-- Generated by org.testng.reporters.JUnitXMLReporter -->
<testsuite hostname="kiran-HP" name="JensenTest" tests="4" failures="0" timestamp="15 Nov 2017 04:43:55 GMT" time="38.942" errors="0">
  <testcase name="testLogin" time="15.983" classname="com.janssen.spkportalautomate.tests.LoginTest"/>
  <testcase name="testSelectBrand" time="19.894" classname="com.janssen.spkportalautomate.tests.LoginTest"/>
  <testcase name="testLogout" time="3.051" classname="com.janssen.spkportalautomate.tests.LoginTest"/>
  <testcase name="exampleOfTestNgMaven" time="0.0" classname="com.janssen.spkportalautomate.tests.LoginTest"/>
</testsuite> <!-- JensenTest -->
