<?xml version="1.0" encoding="UTF-8"?>
<testng-results skipped="0" failed="0" total="4" passed="4">
  <reporter-output>
  </reporter-output>
  <suite name="JensenSuite" duration-ms="38942" started-at="2017-11-15T04:43:16Z" finished-at="2017-11-15T04:43:55Z">
    <groups>
    </groups>
    <test name="JensenTest" duration-ms="38942" started-at="2017-11-15T04:43:16Z" finished-at="2017-11-15T04:43:55Z">
      <class name="com.janssen.spkportalautomate.tests.LoginTest">
        <test-method status="PASS" signature="testLogin()[pri:0, instance:com.janssen.spkportalautomate.tests.LoginTest@16c0663d]" name="testLogin" duration-ms="15983" started-at="2017-11-14T23:43:16Z" finished-at="2017-11-14T23:43:32Z">
          <reporter-output>
          </reporter-output>
        </test-method> <!-- testLogin -->
        <test-method status="PASS" signature="testSelectBrand()[pri:0, instance:com.janssen.spkportalautomate.tests.LoginTest@16c0663d]" name="testSelectBrand" duration-ms="19894" started-at="2017-11-14T23:43:32Z" finished-at="2017-11-14T23:43:52Z">
          <reporter-output>
          </reporter-output>
        </test-method> <!-- testSelectBrand -->
        <test-method status="PASS" signature="testLogout()[pri:0, instance:com.janssen.spkportalautomate.tests.LoginTest@16c0663d]" name="testLogout" duration-ms="3051" started-at="2017-11-14T23:43:52Z" finished-at="2017-11-14T23:43:55Z">
          <reporter-output>
          </reporter-output>
        </test-method> <!-- testLogout -->
        <test-method status="PASS" signature="exampleOfTestNgMaven()[pri:0, instance:com.janssen.spkportalautomate.tests.LoginTest@16c0663d]" name="exampleOfTestNgMaven" duration-ms="0" started-at="2017-11-14T23:43:55Z" finished-at="2017-11-14T23:43:55Z">
          <reporter-output>
          </reporter-output>
        </test-method> <!-- exampleOfTestNgMaven -->
      </class> <!-- com.janssen.spkportalautomate.tests.LoginTest -->
    </test> <!-- JensenTest -->
  </suite> <!-- JensenSuite -->
</testng-results>
